<?xml version="1.0" encoding="UTF-8"?>
<testng-results skipped="0" failed="0" ignored="0" total="1" passed="1">
  <reporter-output>
  </reporter-output>
  <suite name="Default suite" duration-ms="7307" started-at="2019-12-12T17:44:38 CET" finished-at="2019-12-12T17:44:46 CET">
    <groups>
    </groups>
    <test name="Default test" duration-ms="7307" started-at="2019-12-12T17:44:38 CET" finished-at="2019-12-12T17:44:46 CET">
      <class name="com.selenium4.test.Location">
        <test-method status="PASS" signature="setup()[pri:0, instance:com.selenium4.test.Location@22a67b4]" name="setup" is-config="true" duration-ms="5722" started-at="2019-12-12T17:44:38 CET" finished-at="2019-12-12T17:44:44 CET">
          <reporter-output>
          </reporter-output>
        </test-method> <!-- setup -->
        <test-method status="PASS" signature="location()[pri:0, instance:com.selenium4.test.Location@22a67b4]" name="location" duration-ms="812" started-at="2019-12-12T17:44:44 CET" finished-at="2019-12-12T17:44:45 CET">
          <reporter-output>
          </reporter-output>
        </test-method> <!-- location -->
        <test-method status="PASS" signature="tearDown()[pri:0, instance:com.selenium4.test.Location@22a67b4]" name="tearDown" is-config="true" duration-ms="751" started-at="2019-12-12T17:44:45 CET" finished-at="2019-12-12T17:44:46 CET">
          <reporter-output>
          </reporter-output>
        </test-method> <!-- tearDown -->
      </class> <!-- com.selenium4.test.Location -->
    </test> <!-- Default test -->
  </suite> <!-- Default suite -->
</testng-results>
